<?xml version="1.0" encoding="UTF-8"?>
<!-- Generated by org.testng.reporters.JUnitXMLReporter -->
<testsuite ignored="0" hostname="gopi" failures="0" tests="4" name="Default test" time="12.537" errors="0" timestamp="2026-06-01T16:03:40 IST">
  <testcase classname="com.automation.framework.tests.CreateAccountTest" name="Create" time="0.9"/>
  <testcase classname="com.automation.framework.tests.CreateAccountTest" name="Create" time="0.835"/>
  <testcase classname="com.automation.framework.tests.CreateAccountTest" name="Create" time="0.509"/>
  <testcase classname="com.automation.framework.tests.CreateAccountTest" name="Create" time="0.321"/>
</testsuite> <!-- Default test -->
