<?xml version="1.0" encoding="UTF-8"?>
<!-- Generated by org.testng.reporters.JUnitXMLReporter -->
<testsuite ignored="0" hostname="gopi" failures="0" tests="4" name="Default test" time="13.296" errors="0" timestamp="2026-06-01T16:13:27 IST">
  <testcase classname="com.automation.framework.tests.CreateAccountTest" name="Create" time="2.731"/>
  <testcase classname="com.automation.framework.tests.CreateAccountTest" name="Create" time="1.925"/>
  <testcase classname="com.automation.framework.tests.CreateAccountTest" name="Create" time="2.19"/>
  <testcase classname="com.automation.framework.tests.CreateAccountTest" name="Create" time="2.155"/>
</testsuite> <!-- Default test -->
