<?xml version="1.0" encoding="UTF-8"?>
<!-- Generated by org.testng.reporters.JUnitReportReporter -->
<testsuite hostname="gopi" failures="0" tests="4" name="com.automation.framework.tests.CreateAccountTest" time="8.319" errors="0" timestamp="2026-06-01T16:03:40 IST" skipped="0">
  <testcase classname="com.automation.framework.tests.CreateAccountTest" name="Create" time="2.378"/>
  <testcase classname="com.automation.framework.tests.CreateAccountTest" name="Create" time="1.986"/>
  <testcase classname="com.automation.framework.tests.CreateAccountTest" name="Create" time="1.730"/>
  <testcase classname="com.automation.framework.tests.CreateAccountTest" name="Create" time="2.225"/>
</testsuite> <!-- com.automation.framework.tests.CreateAccountTest -->
