<?xml version="1.0" encoding="UTF-8"?>
<!-- Generated by org.testng.reporters.JUnitReportReporter -->
<testsuite hostname="gopi" failures="0" tests="4" name="com.automation.framework.tests.CreateAccountTest" time="9.011" errors="0" timestamp="2026-06-01T16:13:27 IST" skipped="0">
  <testcase classname="com.automation.framework.tests.CreateAccountTest" name="Create" time="1.928"/>
  <testcase classname="com.automation.framework.tests.CreateAccountTest" name="Create" time="2.192"/>
  <testcase classname="com.automation.framework.tests.CreateAccountTest" name="Create" time="2.733"/>
  <testcase classname="com.automation.framework.tests.CreateAccountTest" name="Create" time="2.158"/>
</testsuite> <!-- com.automation.framework.tests.CreateAccountTest -->
