<?xml version="1.0" encoding="UTF-8"?>
<testng-results ignored="0" total="4" passed="4" failed="0" skipped="0">
  <reporter-output>
  </reporter-output>
  <suite started-at="2026-06-01T16:03:28 IST" name="Default suite" finished-at="2026-06-01T16:03:40 IST" duration-ms="12537">
    <groups>
    </groups>
    <test started-at="2026-06-01T16:03:28 IST" name="Default test" finished-at="2026-06-01T16:03:40 IST" duration-ms="12537">
      <class name="com.automation.framework.tests.CreateAccountTest">
        <test-method is-config="true" signature="beforeSuite()[pri:0, instance:com.automation.framework.tests.CreateAccountTest@401f7633]" started-at="2026-06-01T16:03:28 IST" name="beforeSuite" finished-at="2026-06-01T16:03:28 IST" duration-ms="18" status="PASS">
          <reporter-output>
          </reporter-output>
        </test-method> <!-- beforeSuite -->
        <test-method is-config="true" signature="beforeClass()[pri:0, instance:com.automation.framework.tests.CreateAccountTest@401f7633]" started-at="2026-06-01T16:03:28 IST" name="beforeClass" finished-at="2026-06-01T16:03:30 IST" duration-ms="2574" status="PASS">
          <reporter-output>
          </reporter-output>
        </test-method> <!-- beforeClass -->
        <test-method is-config="true" signature="beforeMethod()[pri:0, instance:com.automation.framework.tests.CreateAccountTest@401f7633]" started-at="2026-06-01T16:03:31 IST" name="beforeMethod" finished-at="2026-06-01T16:03:32 IST" duration-ms="764" status="PASS">
          <reporter-output>
          </reporter-output>
        </test-method> <!-- beforeMethod -->
        <test-method signature="Create(java.lang.String,java.lang.String,java.lang.String,java.lang.String,java.lang.String)[pri:0, instance:com.automation.framework.tests.CreateAccountTest@401f7633]" started-at="2026-06-01T16:03:32 IST" name="Create" data-provider="userData" finished-at="2026-06-01T16:03:33 IST" duration-ms="900" status="PASS">
          <params>
            <param index="0">
              <value>
                <![CDATA[John]]>
              </value>
            </param>
            <param index="1">
              <value>
                <![CDATA[Smith]]>
              </value>
            </param>
            <param index="2">
              <value>
                <![CDATA[john.smith@testmail.com]]>
              </value>
            </param>
            <param index="3">
              <value>
                <![CDATA[Welcome@123]]>
              </value>
            </param>
            <param index="4">
              <value>
                <![CDATA[Welcome@123]]>
              </value>
            </param>
          </params>
          <reporter-output>
          </reporter-output>
        </test-method> <!-- Create -->
        <test-method is-config="true" signature="afterMethod()[pri:0, instance:com.automation.framework.tests.CreateAccountTest@401f7633]" started-at="2026-06-01T16:03:33 IST" name="afterMethod" finished-at="2026-06-01T16:03:34 IST" duration-ms="626" status="PASS">
          <reporter-output>
          </reporter-output>
        </test-method> <!-- afterMethod -->
        <test-method is-config="true" signature="beforeMethod()[pri:0, instance:com.automation.framework.tests.CreateAccountTest@401f7633]" started-at="2026-06-01T16:03:34 IST" name="beforeMethod" finished-at="2026-06-01T16:03:35 IST" duration-ms="711" status="PASS">
          <reporter-output>
          </reporter-output>
        </test-method> <!-- beforeMethod -->
        <test-method signature="Create(java.lang.String,java.lang.String,java.lang.String,java.lang.String,java.lang.String)[pri:0, instance:com.automation.framework.tests.CreateAccountTest@401f7633]" started-at="2026-06-01T16:03:35 IST" name="Create" data-provider="userData" finished-at="2026-06-01T16:03:35 IST" duration-ms="835" status="PASS">
          <params>
            <param index="0">
              <value>
                <![CDATA[Emma]]>
              </value>
            </param>
            <param index="1">
              <value>
                <![CDATA[Johnson]]>
              </value>
            </param>
            <param index="2">
              <value>
                <![CDATA[emma.johnson@testmail.com]]>
              </value>
            </param>
            <param index="3">
              <value>
                <![CDATA[Welcome@123]]>
              </value>
            </param>
            <param index="4">
              <value>
                <![CDATA[Welcome@123]]>
              </value>
            </param>
          </params>
          <reporter-output>
          </reporter-output>
        </test-method> <!-- Create -->
        <test-method is-config="true" signature="afterMethod()[pri:0, instance:com.automation.framework.tests.CreateAccountTest@401f7633]" started-at="2026-06-01T16:03:35 IST" name="afterMethod" finished-at="2026-06-01T16:03:36 IST" duration-ms="767" status="PASS">
          <reporter-output>
          </reporter-output>
        </test-method> <!-- afterMethod -->
        <test-method is-config="true" signature="beforeMethod()[pri:0, instance:com.automation.framework.tests.CreateAccountTest@401f7633]" started-at="2026-06-01T16:03:36 IST" name="beforeMethod" finished-at="2026-06-01T16:03:37 IST" duration-ms="827" status="PASS">
          <reporter-output>
          </reporter-output>
        </test-method> <!-- beforeMethod -->
        <test-method signature="Create(java.lang.String,java.lang.String,java.lang.String,java.lang.String,java.lang.String)[pri:0, instance:com.automation.framework.tests.CreateAccountTest@401f7633]" started-at="2026-06-01T16:03:37 IST" name="Create" data-provider="userData" finished-at="2026-06-01T16:03:37 IST" duration-ms="509" status="PASS">
          <params>
            <param index="0">
              <value>
                <![CDATA[Michael]]>
              </value>
            </param>
            <param index="1">
              <value>
                <![CDATA[Brown]]>
              </value>
            </param>
            <param index="2">
              <value>
                <![CDATA[michael.brown@testmail.com]]>
              </value>
            </param>
            <param index="3">
              <value>
                <![CDATA[Welcome@123]]>
              </value>
            </param>
            <param index="4">
              <value>
                <![CDATA[Welcome@123]]>
              </value>
            </param>
          </params>
          <reporter-output>
          </reporter-output>
        </test-method> <!-- Create -->
        <test-method is-config="true" signature="afterMethod()[pri:0, instance:com.automation.framework.tests.CreateAccountTest@401f7633]" started-at="2026-06-01T16:03:37 IST" name="afterMethod" finished-at="2026-06-01T16:03:38 IST" duration-ms="726" status="PASS">
          <reporter-output>
          </reporter-output>
        </test-method> <!-- afterMethod -->
        <test-method is-config="true" signature="beforeMethod()[pri:0, instance:com.automation.framework.tests.CreateAccountTest@401f7633]" started-at="2026-06-01T16:03:38 IST" name="beforeMethod" finished-at="2026-06-01T16:03:39 IST" duration-ms="751" status="PASS">
          <reporter-output>
          </reporter-output>
        </test-method> <!-- beforeMethod -->
        <test-method signature="Create(java.lang.String,java.lang.String,java.lang.String,java.lang.String,java.lang.String)[pri:0, instance:com.automation.framework.tests.CreateAccountTest@401f7633]" started-at="2026-06-01T16:03:39 IST" name="Create" data-provider="userData" finished-at="2026-06-01T16:03:39 IST" duration-ms="321" status="PASS">
          <params>
            <param index="0">
              <value>
                <![CDATA[Sophia]]>
              </value>
            </param>
            <param index="1">
              <value>
                <![CDATA[Wilson]]>
              </value>
            </param>
            <param index="2">
              <value>
                <![CDATA[sophia.wilson@testmail.com]]>
              </value>
            </param>
            <param index="3">
              <value>
                <![CDATA[Welcome@123]]>
              </value>
            </param>
            <param index="4">
              <value>
                <![CDATA[Welcome@123]]>
              </value>
            </param>
          </params>
          <reporter-output>
          </reporter-output>
        </test-method> <!-- Create -->
        <test-method is-config="true" signature="afterMethod()[pri:0, instance:com.automation.framework.tests.CreateAccountTest@401f7633]" started-at="2026-06-01T16:03:39 IST" name="afterMethod" finished-at="2026-06-01T16:03:40 IST" duration-ms="582" status="PASS">
          <reporter-output>
          </reporter-output>
        </test-method> <!-- afterMethod -->
        <test-method is-config="true" signature="afterClass()[pri:0, instance:com.automation.framework.tests.CreateAccountTest@401f7633]" started-at="2026-06-01T16:03:40 IST" name="afterClass" finished-at="2026-06-01T16:03:40 IST" duration-ms="224" status="PASS">
          <reporter-output>
          </reporter-output>
        </test-method> <!-- afterClass -->
        <test-method is-config="true" signature="afterSuite()[pri:0, instance:com.automation.framework.tests.CreateAccountTest@401f7633]" started-at="2026-06-01T16:03:40 IST" name="afterSuite" finished-at="2026-06-01T16:03:40 IST" duration-ms="1" status="PASS">
          <reporter-output>
          </reporter-output>
        </test-method> <!-- afterSuite -->
      </class> <!-- com.automation.framework.tests.CreateAccountTest -->
    </test> <!-- Default test -->
  </suite> <!-- Default suite -->
</testng-results>
